KAMX20101102_113345_V03
KDOX20081001_111200_V04
KDOX20100922_053352_V04
KDOX20100922_185239_V04
KDOX20100922_215900_V04
KDOX20100923_060456_V04
KDOX20100923_075907_V04
KDOX20100923_104046_V04
KDOX20100923_104630_V04
KDOX20100923_105214_V04
KDOX20100923_105759_V04
KDOX20100923_110342_V04
KDOX20100923_110926_V04
KDOX20100923_111511_V04
KDOX20100923_112055_V04
KDOX20100925_072013_V04
KDOX20100925_083655_V04
KDOX20100926_084650_V04
KDOX20100926_094959_V04
KDOX20100926_103553_V04
KDOX20100926_104137_V04
KDOX20100926_104721_V04
KDOX20100926_105306_V04
KDOX20100926_105852_V04
KDOX20100926_110436_V04
KDOX20100926_111020_V04
KDOX20100926_111604_V04
KDOX20100926_112149_V04
KDOX20100926_112733_V04
KDOX20100926_182058_V04
KDOX20100926_225633_V04
KDOX20100927_073906_V04
KDOX20100927_112508_V04
KDOX20100927_124909_V04
KDOX20100928_004615_V04
KDOX20100928_005150_V04
KDOX20100928_012524_V04
KDOX20100928_014211_V04
KDOX20100928_071747_V04
KDOX20100928_132125_V04
KDOX20100928_135458_V04
KDOX20100928_210525_V04
KDOX20100929_053102_V04
KDOX20100929_104120_V04
KDOX20100929_104706_V04
KDOX20100929_105250_V04
KDOX20100929_105835_V04
KDOX20100929_110420_V04
KDOX20100929_111004_V04
KDOX20100929_111549_V04
KDOX20100929_112134_V04
KDOX20100929_112719_V04
KDOX20100929_113306_V04
KDOX20100929_113850_V04
KDOX20100929_114435_V04
KDOX20101001_010339_V04
KDOX20101001_011723_V04
KDOX20101001_045241_V04
KDOX20101001_093209_V04
KDOX20101001_112643_V04
KDOX20101001_124918_V04
KDOX20101003_064624_V04
KDOX20101003_082424_V04
KDOX20101003_085313_V04
KDOX20101003_095636_V04
KDOX20101003_104825_V04
KDOX20101003_105411_V04
KDOX20101003_105956_V04
KDOX20101003_110542_V04
KDOX20101003_111128_V04
KDOX20101003_111713_V04
KDOX20101003_112258_V04
KDOX20101003_112844_V04
KDOX20101003_113429_V04
KDOX20101003_114015_V04
KDOX20101003_114600_V04
KDOX20101003_115148_V04
KDOX20101003_115733_V04
KDOX20101003_120319_V04
KDOX20101003_120904_V04
KDOX20101005_153617_V04
KDOX20101006_074350_V04
KDOX20101006_080110_V04
KDOX20101006_222221_V04
KDOX20101007_005746_V04
KDOX20101007_023537_V04
KDOX20101014_213050_V04
KDOX20101027_183809_V04
KDOX20101027_191200_V04
KDOX20101027_193723_V04
KDOX20101028_043414_V04
KDOX20101028_064101_V04
KDOX20101028_080532_V04
KJAX20111021_112353_V03
KJAX20111021_125337_V03
KJAX20111025_115127_V03
KLIX19951128_124250
KLIX19951130_131409
KLIX19961128_125216
KLIX19961207_121505
KLIX19961217_125435
KLIX19970104_130702
KLIX19970104_140518
KLIX19970111_130102
KLIX19970114_134155
KLIX19970305_122548
KLIX19980131_131200
KLIX19980221_121654
KLIX19991101_122624
KLIX19991102_131952
KLIX19991104_121958
KLIX19991224_130609
KLIX20031003_115810
KLIX20031031_120905
KLIX20040123_130744
KLIX20040125_122818
KLIX20040225_124231
KLIX20040314_131756
KLIX20041026_122125
KLIX20061107_120104
KLIX20061107_123257
KLIX20071012_125556
KLIX20080318_120303
KLIX20081030_133117_V04
KLIX20081117_122713_V03
KLIX20111116_122732_V03
KLIX20111116_124351_V03
KLIX20120410_121441_V03
KMLB19930208_130941
KMLB19930308_114214
KMLB19930324_124239
KMLB19930417_103223
KMLB19930422_113054
KMLB19930502_115303
KMLB19930504_102655
KMLB19931014_112311
KMLB19931019_124132
KMLB19931027_115138
KMLB19931028_124024
KMLB19931029_125524
KMLB19931106_115228
KMLB19931111_122744
KMLB19931115_120233
KMLB19931116_114346
KMLB19931116_123657
KMLB19931216_122421
KMLB19931219_130936
KMLB19931220_120326
KMLB19940108_132053
KMLB19940115_120349
KMLB19940117_123438
KMLB19940128_122814
KMLB19940203_125853
KMLB19940208_132228
KMLB19940220_120220
KMLB19940221_123225
KMLB19940223_113521
KMLB19940309_120243
KMLB19940317_113914
KMLB19940412_112305
KMLB19941031_113226
KMLB19941106_124652
KMLB19941122_113524
KMLB19941122_122230
KMLB19941124_115110
KMLB19941230_130534
KMLB19941231_115554
KMLB19950313_125539
KMLB19950317_123325
KMLB19950320_123354
KMLB19950321_123952
KMLB19950323_120649
KMLB19950327_124502
KMLB19950328_110411
KMLB19950409_113955
KMLB19950420_114653
KMLB19951026_111544
KMLB19951026_124857
KMLB19951102_130159
KMLB19951103_111225
KMLB19951104_113530
KMLB19951126_112658
KMLB19951208_114157
KMLB19951225_124741
KMLB19960109_133810
KMLB19960112_125321
KMLB19960201_115104
KMLB19960210_131144
KMLB19961105_114528
KMLB19961107_113858
KMLB19961111_123425
KMLB19961123_125419
KMLB19961226_123338
KMLB19961231_115634
KMLB19970318_112801
KMLB19970318_115800
KMLB19970320_123406
KMLB19970328_113545
KMLB19970406_104821
KMLB19970422_110544
KMLB19971120_121031
KMLB19980113_124250
KMLB19980119_132527
KMLB19980120_132020
KMLB19980122_124504
KMLB19980127_123159
KMLB19980127_130246
KMLB19980321_110427
KMLB19980330_114901
KMLB19980402_113114
KMLB19980428_113615
KMLB19980429_105121
KMLB19980501_120220
KMLB19980511_114625
KMLB19981013_121153
KMLB19981107_115041
KMLB19981129_114453
KMLB19981201_121904
KMLB19981203_123231
KMLB19981224_115239
KMLB19981225_121210
KMLB19990121_122556
KMLB19990126_130256
KMLB19990216_120518
KMLB19990324_121901
KMLB19990330_114058
KMLB19991029_112715
KMLB19991111_113153
KMLB19991111_114208
KMLB19991111_115224
KMLB19991118_113458
KMLB19991121_130717
KMLB19991122_114136
KMLB19991125_130228
KMLB19991210_124749
KMLB19991214_122441
KMLB19991217_120132
KMLB19991217_130801
KMLB20000111_120438
KMLB20000327_111703
KMLB20001112_114027
KMLB20010313_115821
KMLB20011024_122633
KMLB20011116_122704
KMLB20011129_121934
KMLB20011129_130938
KMLB20011201_124259
KMLB20011203_124716
KMLB20011205_114706
KMLB20011210_121541
KMLB20011220_122524
KMLB20020123_120727
KMLB20020123_132752
KMLB20020125_120412
KMLB20020126_124127
KMLB20020131_121046
KMLB20020406_105532
KMLB20020406_123241
KMLB20020409_114635
KMLB20020411_104315
KMLB20020411_121525
KMLB20020414_113557
KMLB20020415_103209
KMLB20020418_111724
KMLB20020418_121347
KMLB20020420_103714
KMLB20021201_122553
KMLB20021202_114910
KMLB20021204_114850
KMLB20031218_122551
KMLB20040115_131407
KMLB20040217_124730
KMLB20050409_120631
KMLB20060109_131359
KMLB20060403_111424
KDOX20101004_103049_V04
KDOX20101004_103634_V04
KDOX20101004_104220_V04
KDOX20101004_104805_V04
KDOX20101004_105350_V04
KDOX20101004_105935_V04
KDOX20101004_110521_V04
KDOX20101004_111106_V04
KDOX20101004_111651_V04
KDOX20101004_112236_V04
KDOX20101004_112822_V04
KDOX20101004_113407_V04
KDOX20101004_113952_V04
KDOX20101004_114537_V04
KDOX20101004_115122_V04
KDOX20101004_115707_V04
KDOX20101004_120252_V04
KDOX20101004_120838_V04
KDOX20101004_121424_V04
KDOX20101004_122009_V04
KDOX20101004_122554_V04
KLIX19960104_140239
KLIX19960329_120440
KLIX19961204_125604
KLIX19961206_131902
KLIX19970102_124344
KLIX19970126_130212
KLIX20060410_130304
KLIX20061018_130141
KLIX20061111_123216
KLIX20081016_114637_V04
KLIX20081016_121957_V04
KLIX20091120_132306_V03
KLIX20101228_141533_V03
KLIX20110322_124004_V03
KLIX20110418_125407_V03
KMLB19930201_130118
KMLB19930201_130533
KMLB19930306_120712
KMLB19930505_105909
KMLB19931013_105639
KMLB19931108_130145
KMLB19931109_112437
KMLB19940215_125745
KMLB19940219_130619
KMLB19940422_115903
KMLB19940423_103503
KMLB19941010_122032
KMLB19941101_112854
KMLB19941128_123705
KMLB19950107_124122
KMLB19950107_133123
KMLB19950228_122956
KMLB19950306_112136
KMLB19950318_110419
KMLB19950318_120341
KMLB19951021_114800
KMLB19951028_120606
KMLB19951101_110550
KMLB19951111_111925
KMLB19951201_123106
KMLB19951205_115958
KMLB19951215_132341
KMLB19951219_125525
KMLB19951226_124352
KMLB19951228_115426
KMLB19960114_123310
KMLB19960117_121834
KMLB19960118_121922
KMLB19960213_125026
KMLB19960413_114903
KMLB19961022_122234
KMLB19961117_115949
KMLB19961119_113955
KMLB19970313_112452
KMLB19971030_124114
KMLB19980201_114810
KMLB19980410_112714
KMLB19991031_121102
KMLB19991031_130209
KMLB19991102_123814
KMLB19991110_114129
KMLB19991110_122725
KMLB19991110_124246
KMLB19991110_130316
KMLB19991124_113519
KMLB19991124_120052
KMLB20000503_114524
KMLB20020130_124046
KMLB20020201_122831
KMLB20020209_124214
KMLB20020416_114757
KMLB20020416_121843
KMLB20050419_120621
KMLB20060216_121339
KMLB20071010_111737
KTBW20051120_124333
KTBW20051120_130643
KTBW20060213_133340
KTBW20090121_134827_V03
KTBW20090126_131255_V03
KTBW20111102_124310_V03
KTBW20120105_123628_V03
KTBW20120105_130830_V03
KTBW20120108_115620_V03
KTBW20120110_120220_V03
KTBW20120110_122359_V03
KTBW20120113_120850_V03
KTBW20120113_123704_V03
KTBW20120113_130807_V03
KTBW20120114_120425_V03
KTBW20120114_123052_V03
KTBW20120114_125227_V03
KTBW20120114_130607_V03
KTBW20120114_132846_V03
KTBW20120114_133519_V03
KTBW20120116_121539_V03
KTBW20120403_121519_V06
KTBW20120412_114904_V06
KTBW20121228_130509_V06
KTBW20130418_110709_V06
KMLB20130125_130854_V06
KMLB20130210_114554_V06
KTBW19960123_115757
KTBW19960126_122302
KTBW19960210_132900
KTBW19960212_114526
KTBW19981111_115637
KTBW19990129_125836
KTBW19990201_131545
KTBW20000107_124744
KTBW20000229_132234
KTBW20011119_121259
KTBW20011119_125940
KTBW20011122_113717
KTBW20011123_121117
KTBW20011123_125210
KTBW20011127_120403
KTBW20011207_115359
KTBW20011219_132853
KTBW20011229_121342
KTBW20020116_131759
KTBW20020119_121819
KTBW20020119_125321
KTBW20020120_121155
KTBW20020126_121426
KTBW20020126_132940
KTBW20020128_121839
KTBW20020204_114958
KTBW20020204_124245
KTBW20020318_121448
KTBW20020405_112402
KTBW20020418_104652
KTBW20020418_111201
KTBW20030221_113214
KAMX20120206_130822_V06
KAMX20120501_115544_V06
KLIX19951106_133056
KLIX19961223_132319
KLIX19991029_121028
KLIX19991029_125740
KLIX19991207_123519
KLIX19991230_124621
KLIX20030109_131721
KLIX20031020_131343
KLIX20031116_120855
KLIX20050406_111508
KLIX20050406_115136
KLIX20050406_122802
KLIX20120329_125521_V03
KMLB19930131_122805
KMLB19930408_120334
KMLB19931022_111000
KMLB19931222_125406
KMLB19940307_124805
KMLB19940428_114400
KMLB19941030_114441
KMLB19941220_131826
KMLB19950302_121737
KMLB19950329_113726
KMLB19951013_114433
KMLB19951224_132359
KMLB19960411_122540
KMLB19961106_114305
KMLB19970104_133940
KMLB19970319_112737
KMLB19970319_115734
KMLB19970411_110428
KMLB19970420_103240
KMLB19990203_120012
KMLB19990209_124218
KMLB19990328_115507
KMLB19991224_123047
KMLB20011030_112358
KMLB20011104_110630
KMLB20011104_114643
KMLB20020417_114846
KMLB20020424_102850
KMLB20021112_125533
KMLB20021203_121825
KMLB20021203_131303
KMLB20081030_121538_V03
KMLB20111205_125054_V03
KTBW20020118_130518
KTBW20020329_113635
KTBW20090211_132142_V03
KTBW20101129_132650_V03
KTBW20111205_122434_V03
KTBW20120112_115640_V03
KTBW20120112_124248_V03
KTBW20120112_125214_V03
KTBW20120112_130632_V03
KTBW20120112_132009_V03
KTBW20120130_133855_V03
KMLB20110406_122751_V03
KMLB20130128_121157_V06
KMOB20111026_125825_V03
KTBW19960125_121236
KTBW19991128_122302
KTBW20011115_112154
KTBW20011120_115607
KTBW20011208_120014
KTBW20011214_121531
KTBW20011214_125623
KTBW20011214_133125
KTBW20020131_120609
KTBW20020131_132237
KTBW20020212_125433
KTBW20020213_124919
KTBW20020220_131835
KTBW20020325_113530
KTBW20020325_121646
KTBW20020330_120148
KTBW20020420_120703
KTBW20020424_103744
KTBW20041118_124824
KTBW20071019_122514
KTBW20090311_120649_V03
KTBW20111020_121815_V03
KTBW20120107_122100_V03
KTBW20120109_122349_V03
KTBW20120109_123058_V03
KTBW20120109_125706_V03
KTBW20120109_133310_V03
KTBW20120405_114656_V06
